2026-04-12 19:55:52,414 - aqt.main - ERROR - installer 125241045754816 Invalid version: 'win64_mingw'! Please use the form '5.X.Y'.
2026-04-12 19:56:02,580 - aqt.helper - DEBUG - helper 125970663551936 Attempt to download checksum at https://download.qt.io/online/qtsdkrepository/windows_x86/desktop/qt6_6110/qt6_6110/Updates.xml.sha256
2026-04-12 19:56:03,373 - aqt.helper - DEBUG - helper 125970663551936 Attempt to download checksum at https://download.qt.io/online/qtsdkrepository/windows_x86/desktop/qt6_6110/qt6_6110/Updates.xml.sha256
2026-04-12 19:56:03,775 - aqt.helper - DEBUG - helper 125970663551936 Attempt to download checksum at https://download.qt.io/online/qtsdkrepository/windows_x86/desktop/qt6_6110/qt6_6110/Updates.xml.sha256
2026-04-12 19:56:04,158 - aqt.helper - DEBUG - helper 125970663551936 Attempt to download checksum at https://download.qt.io/online/qtsdkrepository/windows_x86/desktop/qt6_6110/qt6_6110/Updates.xml.sha256
2026-04-12 19:56:05,000 - aqt.helper - DEBUG - helper 125970663551936 Attempt to download checksum at https://download.qt.io/online/qtsdkrepository/windows_x86/desktop/qt6_6110/qt6_6110/Updates.xml.sha256
2026-04-12 19:56:05,354 - aqt.main - ERROR - installer 125970663551936 Failed to download checksum for the file 'Updates.xml' from mirrors '['https://download.qt.io']
==============================Suggested follow-up:==============================
* Check your internet connection
* Consider modifying `requests.max_retries_to_retrieve_hash` in settings.ini
* Consider modifying `mirrors.trusted_mirrors` in settings.ini (see https://aqtinstall.readthedocs.io/en/stable/configuration.html#configuration)
* Please use 'aqt list-qt windows desktop' to show versions of Qt available.
2026-04-12 19:56:20,669 - aqt.helper - DEBUG - helper 139210899153856 Attempt to download checksum at https://download.qt.io/online/qtsdkrepository/windows_x86/desktop/qt6_6110/qt6_6110/Updates.xml.sha256
2026-04-12 19:56:21,011 - aqt.helper - DEBUG - helper 139210899153856 Attempt to download checksum at https://download.qt.io/online/qtsdkrepository/windows_x86/desktop/qt6_6110/qt6_6110/Updates.xml.sha256
2026-04-12 19:56:21,432 - aqt.helper - DEBUG - helper 139210899153856 Attempt to download checksum at https://download.qt.io/online/qtsdkrepository/windows_x86/desktop/qt6_6110/qt6_6110/Updates.xml.sha256
2026-04-12 19:56:21,771 - aqt.helper - DEBUG - helper 139210899153856 Attempt to download checksum at https://download.qt.io/online/qtsdkrepository/windows_x86/desktop/qt6_6110/qt6_6110/Updates.xml.sha256
2026-04-12 19:56:22,110 - aqt.helper - DEBUG - helper 139210899153856 Attempt to download checksum at https://download.qt.io/online/qtsdkrepository/windows_x86/desktop/qt6_6110/qt6_6110/Updates.xml.sha256
2026-04-12 19:56:22,451 - aqt.main - ERROR - installer 139210899153856 Failed to download checksum for the file 'Updates.xml' from mirrors '['https://download.qt.io']
==============================Suggested follow-up:==============================
* Check your internet connection
* Consider modifying `requests.max_retries_to_retrieve_hash` in settings.ini
* Consider modifying `mirrors.trusted_mirrors` in settings.ini (see https://aqtinstall.readthedocs.io/en/stable/configuration.html#configuration)
* Please use 'aqt list-qt windows desktop' to show versions of Qt available.
2026-04-12 19:56:26,390 - aqt.helper - DEBUG - helper 127837216007104 Attempt to download checksum at https://download.qt.io/online/qtsdkrepository/windows_x86/desktop/qt6_6110/qt6_6110/Updates.xml.sha256
2026-04-12 19:56:26,752 - aqt.helper - DEBUG - helper 127837216007104 Attempt to download checksum at https://download.qt.io/online/qtsdkrepository/windows_x86/desktop/qt6_6110/qt6_6110/Updates.xml.sha256
2026-04-12 19:56:27,091 - aqt.helper - DEBUG - helper 127837216007104 Attempt to download checksum at https://download.qt.io/online/qtsdkrepository/windows_x86/desktop/qt6_6110/qt6_6110/Updates.xml.sha256
2026-04-12 19:56:27,459 - aqt.helper - DEBUG - helper 127837216007104 Attempt to download checksum at https://download.qt.io/online/qtsdkrepository/windows_x86/desktop/qt6_6110/qt6_6110/Updates.xml.sha256
2026-04-12 19:56:27,770 - aqt.helper - DEBUG - helper 127837216007104 Attempt to download checksum at https://download.qt.io/online/qtsdkrepository/windows_x86/desktop/qt6_6110/qt6_6110/Updates.xml.sha256
2026-04-12 19:56:28,131 - aqt.main - ERROR - installer 127837216007104 Failed to download checksum for the file 'Updates.xml' from mirrors '['https://download.qt.io']
==============================Suggested follow-up:==============================
* Check your internet connection
* Consider modifying `requests.max_retries_to_retrieve_hash` in settings.ini
* Consider modifying `mirrors.trusted_mirrors` in settings.ini (see https://aqtinstall.readthedocs.io/en/stable/configuration.html#configuration)
* Please use 'aqt list-qt windows desktop' to show versions of Qt available.
2026-04-12 19:57:05,490 - aqt.helper - DEBUG - helper 140307599598528 Attempt to download checksum at https://download.qt.io/online/qtsdkrepository/windows_x86/desktop/qt6_683/qt6_683/Updates.xml.sha256
2026-04-12 19:57:11,380 - aqt.main - INFO - installer 123356321940416 aqtinstall(aqt) v3.3.0 on Python 3.13.7 [CPython GCC 15.2.0]
2026-04-12 19:57:11,381 - aqt.helper - DEBUG - helper 123356321940416 Attempt to download checksum at https://download.qt.io/online/qtsdkrepository/windows_x86/desktop/qt6_683/qt6_683/Updates.xml.sha256
2026-04-12 19:57:12,176 - aqt.helper - DEBUG - helper 123356321940416 Attempt to download checksum at https://download.qt.io/online/qtsdkrepository/windows_x86/extensions/qtwebengine/683/mingw/Updates.xml.sha256
2026-04-12 19:57:12,530 - aqt.helper - DEBUG - helper 123356321940416 Attempt to download checksum at https://download.qt.io/online/qtsdkrepository/windows_x86/extensions/qtwebengine/683/mingw/Updates.xml.sha256
2026-04-12 19:57:12,881 - aqt.helper - DEBUG - helper 123356321940416 Attempt to download checksum at https://download.qt.io/online/qtsdkrepository/windows_x86/extensions/qtwebengine/683/mingw/Updates.xml.sha256
2026-04-12 19:57:13,252 - aqt.helper - DEBUG - helper 123356321940416 Attempt to download checksum at https://download.qt.io/online/qtsdkrepository/windows_x86/extensions/qtwebengine/683/mingw/Updates.xml.sha256
2026-04-12 19:57:13,611 - aqt.helper - DEBUG - helper 123356321940416 Attempt to download checksum at https://download.qt.io/online/qtsdkrepository/windows_x86/extensions/qtwebengine/683/mingw/Updates.xml.sha256
2026-04-12 19:57:13,958 - aqt.helper - DEBUG - helper 123356321940416 Attempt to download checksum at https://download.qt.io/online/qtsdkrepository/windows_x86/extensions/qtpdf/683/mingw/Updates.xml.sha256
2026-04-12 19:57:14,631 - aqt.archives - INFO - archives 123356321940416 Found extension qtpdf
2026-04-12 19:57:14,855 - aqt.helper - DEBUG - helper 133807429903296 Attempt to download checksum at https://download.qt.io/online/qtsdkrepository/windows_x86/desktop/qt6_683/qt6_683/qt.qt6.683.win64_mingw/6.8.3-0-202503201308qtbase-Windows-Windows_10_22H2-Mingw-Windows-Windows_10_22H2-X86_64.7z.sha256
2026-04-12 19:57:14,855 - aqt.helper - DEBUG - helper 133521430832064 Attempt to download checksum at https://download.qt.io/online/qtsdkrepository/windows_x86/desktop/qt6_683/qt6_683/qt.qt6.683.win64_mingw/6.8.3-0-202503201308qtsvg-Windows-Windows_10_22H2-Mingw-Windows-Windows_10_22H2-X86_64.7z.sha256
2026-04-12 19:57:14,873 - aqt.helper - DEBUG - helper 123715495535552 Attempt to download checksum at https://download.qt.io/online/qtsdkrepository/windows_x86/desktop/qt6_683/qt6_683/qt.qt6.683.win64_mingw/6.8.3-0-202503201308qtdeclarative-Windows-Windows_10_22H2-Mingw-Windows-Windows_10_22H2-X86_64.7z.sha256
2026-04-12 19:57:14,877 - aqt.helper - DEBUG - helper 137799513625536 Attempt to download checksum at https://download.qt.io/online/qtsdkrepository/windows_x86/desktop/qt6_683/qt6_683/qt.qt6.683.win64_mingw/6.8.3-0-202503201308qttools-Windows-Windows_10_22H2-Mingw-Windows-Windows_10_22H2-X86_64.7z.sha256
2026-04-12 19:57:15,197 - aqt.helper - INFO - helper 133807429903296 Downloading qtbase...
2026-04-12 19:57:15,197 - aqt.installer - DEBUG - installer 133807429903296 Download URL: https://download.qt.io/online/qtsdkrepository/windows_x86/desktop/qt6_683/qt6_683/qt.qt6.683.win64_mingw/6.8.3-0-202503201308qtbase-Windows-Windows_10_22H2-Mingw-Windows-Windows_10_22H2-X86_64.7z
2026-04-12 19:57:15,203 - aqt.helper - INFO - helper 123715495535552 Downloading qtdeclarative...
2026-04-12 19:57:15,203 - aqt.installer - DEBUG - installer 123715495535552 Download URL: https://download.qt.io/online/qtsdkrepository/windows_x86/desktop/qt6_683/qt6_683/qt.qt6.683.win64_mingw/6.8.3-0-202503201308qtdeclarative-Windows-Windows_10_22H2-Mingw-Windows-Windows_10_22H2-X86_64.7z
2026-04-12 19:57:15,206 - aqt.helper - INFO - helper 133521430832064 Downloading qtsvg...
2026-04-12 19:57:15,206 - aqt.installer - DEBUG - installer 133521430832064 Download URL: https://download.qt.io/online/qtsdkrepository/windows_x86/desktop/qt6_683/qt6_683/qt.qt6.683.win64_mingw/6.8.3-0-202503201308qtsvg-Windows-Windows_10_22H2-Mingw-Windows-Windows_10_22H2-X86_64.7z
2026-04-12 19:57:15,228 - aqt.helper - INFO - helper 137799513625536 Downloading qttools...
2026-04-12 19:57:15,228 - aqt.installer - DEBUG - installer 137799513625536 Download URL: https://download.qt.io/online/qtsdkrepository/windows_x86/desktop/qt6_683/qt6_683/qt.qt6.683.win64_mingw/6.8.3-0-202503201308qttools-Windows-Windows_10_22H2-Mingw-Windows-Windows_10_22H2-X86_64.7z
2026-04-12 19:57:15,533 - aqt.helper - DEBUG - helper 133521430832064 Asked to redirect(302) to: https://ftp.fau.de/qtproject/online/qtsdkrepository/windows_x86/desktop/qt6_683/qt6_683/qt.qt6.683.win64_mingw/6.8.3-0-202503201308qtsvg-Windows-Windows_10_22H2-Mingw-Windows-Windows_10_22H2-X86_64.7z
2026-04-12 19:57:15,533 - aqt.helper - INFO - helper 133521430832064 Redirected: ftp.fau.de
2026-04-12 19:57:15,561 - aqt.helper - DEBUG - helper 123715495535552 Asked to redirect(302) to: https://ftp.fau.de/qtproject/online/qtsdkrepository/windows_x86/desktop/qt6_683/qt6_683/qt.qt6.683.win64_mingw/6.8.3-0-202503201308qtdeclarative-Windows-Windows_10_22H2-Mingw-Windows-Windows_10_22H2-X86_64.7z
2026-04-12 19:57:15,561 - aqt.helper - INFO - helper 123715495535552 Redirected: ftp.fau.de
2026-04-12 19:57:15,571 - aqt.helper - DEBUG - helper 133807429903296 Asked to redirect(302) to: https://ftp.fau.de/qtproject/online/qtsdkrepository/windows_x86/desktop/qt6_683/qt6_683/qt.qt6.683.win64_mingw/6.8.3-0-202503201308qtbase-Windows-Windows_10_22H2-Mingw-Windows-Windows_10_22H2-X86_64.7z
2026-04-12 19:57:15,571 - aqt.helper - INFO - helper 133807429903296 Redirected: ftp.fau.de
2026-04-12 19:57:15,619 - aqt.helper - DEBUG - helper 137799513625536 Asked to redirect(302) to: https://ftp.fau.de/qtproject/online/qtsdkrepository/windows_x86/desktop/qt6_683/qt6_683/qt.qt6.683.win64_mingw/6.8.3-0-202503201308qttools-Windows-Windows_10_22H2-Mingw-Windows-Windows_10_22H2-X86_64.7z
2026-04-12 19:57:15,620 - aqt.helper - INFO - helper 137799513625536 Redirected: ftp.fau.de
2026-04-12 19:57:17,076 - aqt.helper - DEBUG - helper 133521430832064 Attempt to download checksum at https://download.qt.io/online/qtsdkrepository/windows_x86/desktop/qt6_683/qt6_683/qt.qt6.683.win64_mingw/6.8.3-0-202503201308qttranslations-Windows-Windows_10_22H2-Mingw-Windows-Windows_10_22H2-X86_64.7z.sha256
2026-04-12 19:57:18,196 - aqt.helper - INFO - helper 133521430832064 Downloading qttranslations...
2026-04-12 19:57:18,196 - aqt.installer - DEBUG - installer 133521430832064 Download URL: https://download.qt.io/online/qtsdkrepository/windows_x86/desktop/qt6_683/qt6_683/qt.qt6.683.win64_mingw/6.8.3-0-202503201308qttranslations-Windows-Windows_10_22H2-Mingw-Windows-Windows_10_22H2-X86_64.7z
2026-04-12 19:57:19,313 - aqt.helper - DEBUG - helper 133521430832064 Asked to redirect(302) to: https://ftp.fau.de/qtproject/online/qtsdkrepository/windows_x86/desktop/qt6_683/qt6_683/qt.qt6.683.win64_mingw/6.8.3-0-202503201308qttranslations-Windows-Windows_10_22H2-Mingw-Windows-Windows_10_22H2-X86_64.7z
2026-04-12 19:57:19,313 - aqt.helper - INFO - helper 133521430832064 Redirected: ftp.fau.de
2026-04-12 19:57:26,598 - aqt.helper - DEBUG - helper 133521430832064 Attempt to download checksum at https://download.qt.io/online/qtsdkrepository/windows_x86/desktop/qt6_683/qt6_683/qt.qt6.683.win64_mingw/6.8.3-0-202503201308MinGW-w64-x86_64-13.1.0-release-posix-seh-msvcrt-rt_v11-rev1-runtime.7z.sha256
2026-04-12 19:57:27,399 - aqt.helper - INFO - helper 133521430832064 Downloading MinGW...
2026-04-12 19:57:27,400 - aqt.installer - DEBUG - installer 133521430832064 Download URL: https://download.qt.io/online/qtsdkrepository/windows_x86/desktop/qt6_683/qt6_683/qt.qt6.683.win64_mingw/6.8.3-0-202503201308MinGW-w64-x86_64-13.1.0-release-posix-seh-msvcrt-rt_v11-rev1-runtime.7z
2026-04-12 19:57:28,329 - aqt.helper - DEBUG - helper 133521430832064 Asked to redirect(302) to: https://ftp.fau.de/qtproject/online/qtsdkrepository/windows_x86/desktop/qt6_683/qt6_683/qt.qt6.683.win64_mingw/6.8.3-0-202503201308MinGW-w64-x86_64-13.1.0-release-posix-seh-msvcrt-rt_v11-rev1-runtime.7z
2026-04-12 19:57:28,329 - aqt.helper - INFO - helper 133521430832064 Redirected: ftp.fau.de
2026-04-12 19:57:39,712 - aqt.helper - DEBUG - helper 133521430832064 Attempt to download checksum at https://download.qt.io/online/qtsdkrepository/windows_x86/desktop/qt6_683/qt6_683/qt.qt6.683.win64_mingw/6.8.3-0-202503201308d3dcompiler_47-x64.7z.sha256
2026-04-12 19:57:40,915 - aqt.helper - INFO - helper 133521430832064 Downloading d3dcompiler_47...
2026-04-12 19:57:40,915 - aqt.installer - DEBUG - installer 133521430832064 Download URL: https://download.qt.io/online/qtsdkrepository/windows_x86/desktop/qt6_683/qt6_683/qt.qt6.683.win64_mingw/6.8.3-0-202503201308d3dcompiler_47-x64.7z
2026-04-12 19:57:41,900 - aqt.helper - DEBUG - helper 133521430832064 Asked to redirect(302) to: https://ftp.fau.de/qtproject/online/qtsdkrepository/windows_x86/desktop/qt6_683/qt6_683/qt.qt6.683.win64_mingw/6.8.3-0-202503201308d3dcompiler_47-x64.7z
2026-04-12 19:57:41,900 - aqt.helper - INFO - helper 133521430832064 Redirected: ftp.fau.de
2026-04-12 19:57:49,409 - aqt.helper - DEBUG - helper 134705849877440 Attempt to download checksum at https://download.qt.io/online/qtsdkrepository/windows_x86/desktop/qt6_683/qt6_683/qt.qt6.683.win64_mingw/6.8.3-0-202503201308opengl32sw-64-mesa_11_2_2-signed_sha256.7z.sha256
2026-04-12 19:57:50,439 - aqt.helper - INFO - helper 134705849877440 Downloading opengl32sw...
2026-04-12 19:57:50,439 - aqt.installer - DEBUG - installer 134705849877440 Download URL: https://download.qt.io/online/qtsdkrepository/windows_x86/desktop/qt6_683/qt6_683/qt.qt6.683.win64_mingw/6.8.3-0-202503201308opengl32sw-64-mesa_11_2_2-signed_sha256.7z
2026-04-12 19:57:51,462 - aqt.helper - DEBUG - helper 134705849877440 Asked to redirect(302) to: https://ftp.fau.de/qtproject/online/qtsdkrepository/windows_x86/desktop/qt6_683/qt6_683/qt.qt6.683.win64_mingw/6.8.3-0-202503201308opengl32sw-64-mesa_11_2_2-signed_sha256.7z
2026-04-12 19:57:51,463 - aqt.helper - INFO - helper 134705849877440 Redirected: ftp.fau.de
2026-04-12 20:00:37,327 - aqt.installer - WARNING - installer 123356321940416 Caught PermissionError, terminating installer workers
2026-04-12 20:00:37,345 - aqt.main - ERROR - installer 123356321940416 Failed to write to base directory at /opt/Qt
==============================Suggested follow-up:==============================
* Check that the destination is writable and does not already contain files owned by another user.
2026-04-12 20:00:45,254 - aqt.main - INFO - installer 137850307277760 aqtinstall(aqt) v3.3.0 on Python 3.13.7 [CPython GCC 15.2.0]
2026-04-12 20:00:45,254 - aqt.helper - DEBUG - helper 137850307277760 Attempt to download checksum at https://download.qt.io/online/qtsdkrepository/windows_x86/desktop/qt6_683/qt6_683/Updates.xml.sha256
2026-04-12 20:00:46,136 - aqt.helper - DEBUG - helper 137850307277760 Attempt to download checksum at https://download.qt.io/online/qtsdkrepository/windows_x86/extensions/qtwebengine/683/mingw/Updates.xml.sha256
2026-04-12 20:00:46,504 - aqt.helper - DEBUG - helper 137850307277760 Attempt to download checksum at https://download.qt.io/online/qtsdkrepository/windows_x86/extensions/qtwebengine/683/mingw/Updates.xml.sha256
2026-04-12 20:00:46,884 - aqt.helper - DEBUG - helper 137850307277760 Attempt to download checksum at https://download.qt.io/online/qtsdkrepository/windows_x86/extensions/qtwebengine/683/mingw/Updates.xml.sha256
2026-04-12 20:00:47,232 - aqt.helper - DEBUG - helper 137850307277760 Attempt to download checksum at https://download.qt.io/online/qtsdkrepository/windows_x86/extensions/qtwebengine/683/mingw/Updates.xml.sha256
2026-04-12 20:00:47,592 - aqt.helper - DEBUG - helper 137850307277760 Attempt to download checksum at https://download.qt.io/online/qtsdkrepository/windows_x86/extensions/qtwebengine/683/mingw/Updates.xml.sha256
2026-04-12 20:00:47,945 - aqt.helper - DEBUG - helper 137850307277760 Attempt to download checksum at https://download.qt.io/online/qtsdkrepository/windows_x86/extensions/qtpdf/683/mingw/Updates.xml.sha256
2026-04-12 20:00:48,683 - aqt.archives - INFO - archives 137850307277760 Found extension qtpdf
2026-04-12 20:00:48,896 - aqt.helper - DEBUG - helper 124112457933760 Attempt to download checksum at https://download.qt.io/online/qtsdkrepository/windows_x86/desktop/qt6_683/qt6_683/qt.qt6.683.win64_mingw/6.8.3-0-202503201308qtbase-Windows-Windows_10_22H2-Mingw-Windows-Windows_10_22H2-X86_64.7z.sha256
2026-04-12 20:00:48,896 - aqt.helper - DEBUG - helper 128208014902208 Attempt to download checksum at https://download.qt.io/online/qtsdkrepository/windows_x86/desktop/qt6_683/qt6_683/qt.qt6.683.win64_mingw/6.8.3-0-202503201308qtdeclarative-Windows-Windows_10_22H2-Mingw-Windows-Windows_10_22H2-X86_64.7z.sha256
2026-04-12 20:00:48,896 - aqt.helper - DEBUG - helper 127477277803456 Attempt to download checksum at https://download.qt.io/online/qtsdkrepository/windows_x86/desktop/qt6_683/qt6_683/qt.qt6.683.win64_mingw/6.8.3-0-202503201308qtsvg-Windows-Windows_10_22H2-Mingw-Windows-Windows_10_22H2-X86_64.7z.sha256
2026-04-12 20:00:48,897 - aqt.helper - DEBUG - helper 130043229987776 Attempt to download checksum at https://download.qt.io/online/qtsdkrepository/windows_x86/desktop/qt6_683/qt6_683/qt.qt6.683.win64_mingw/6.8.3-0-202503201308qttools-Windows-Windows_10_22H2-Mingw-Windows-Windows_10_22H2-X86_64.7z.sha256
2026-04-12 20:00:49,298 - aqt.helper - INFO - helper 124112457933760 Downloading qtbase...
2026-04-12 20:00:49,299 - aqt.installer - DEBUG - installer 124112457933760 Download URL: https://download.qt.io/online/qtsdkrepository/windows_x86/desktop/qt6_683/qt6_683/qt.qt6.683.win64_mingw/6.8.3-0-202503201308qtbase-Windows-Windows_10_22H2-Mingw-Windows-Windows_10_22H2-X86_64.7z
2026-04-12 20:00:49,304 - aqt.helper - INFO - helper 128208014902208 Downloading qtdeclarative...
2026-04-12 20:00:49,304 - aqt.helper - INFO - helper 130043229987776 Downloading qttools...
2026-04-12 20:00:49,304 - aqt.helper - INFO - helper 127477277803456 Downloading qtsvg...
2026-04-12 20:00:49,305 - aqt.installer - DEBUG - installer 130043229987776 Download URL: https://download.qt.io/online/qtsdkrepository/windows_x86/desktop/qt6_683/qt6_683/qt.qt6.683.win64_mingw/6.8.3-0-202503201308qttools-Windows-Windows_10_22H2-Mingw-Windows-Windows_10_22H2-X86_64.7z
2026-04-12 20:00:49,305 - aqt.installer - DEBUG - installer 128208014902208 Download URL: https://download.qt.io/online/qtsdkrepository/windows_x86/desktop/qt6_683/qt6_683/qt.qt6.683.win64_mingw/6.8.3-0-202503201308qtdeclarative-Windows-Windows_10_22H2-Mingw-Windows-Windows_10_22H2-X86_64.7z
2026-04-12 20:00:49,305 - aqt.installer - DEBUG - installer 127477277803456 Download URL: https://download.qt.io/online/qtsdkrepository/windows_x86/desktop/qt6_683/qt6_683/qt.qt6.683.win64_mingw/6.8.3-0-202503201308qtsvg-Windows-Windows_10_22H2-Mingw-Windows-Windows_10_22H2-X86_64.7z
2026-04-12 20:00:49,695 - aqt.helper - DEBUG - helper 128208014902208 Asked to redirect(302) to: https://ftp.fau.de/qtproject/online/qtsdkrepository/windows_x86/desktop/qt6_683/qt6_683/qt.qt6.683.win64_mingw/6.8.3-0-202503201308qtdeclarative-Windows-Windows_10_22H2-Mingw-Windows-Windows_10_22H2-X86_64.7z
2026-04-12 20:00:49,695 - aqt.helper - DEBUG - helper 124112457933760 Asked to redirect(302) to: https://ftp.fau.de/qtproject/online/qtsdkrepository/windows_x86/desktop/qt6_683/qt6_683/qt.qt6.683.win64_mingw/6.8.3-0-202503201308qtbase-Windows-Windows_10_22H2-Mingw-Windows-Windows_10_22H2-X86_64.7z
2026-04-12 20:00:49,695 - aqt.helper - INFO - helper 128208014902208 Redirected: ftp.fau.de
2026-04-12 20:00:49,695 - aqt.helper - INFO - helper 124112457933760 Redirected: ftp.fau.de
2026-04-12 20:00:49,701 - aqt.helper - DEBUG - helper 127477277803456 Asked to redirect(302) to: https://ftp.fau.de/qtproject/online/qtsdkrepository/windows_x86/desktop/qt6_683/qt6_683/qt.qt6.683.win64_mingw/6.8.3-0-202503201308qtsvg-Windows-Windows_10_22H2-Mingw-Windows-Windows_10_22H2-X86_64.7z
2026-04-12 20:00:49,701 - aqt.helper - INFO - helper 127477277803456 Redirected: ftp.fau.de
2026-04-12 20:00:49,708 - aqt.helper - DEBUG - helper 130043229987776 Asked to redirect(302) to: https://ftp.fau.de/qtproject/online/qtsdkrepository/windows_x86/desktop/qt6_683/qt6_683/qt.qt6.683.win64_mingw/6.8.3-0-202503201308qttools-Windows-Windows_10_22H2-Mingw-Windows-Windows_10_22H2-X86_64.7z
2026-04-12 20:00:49,708 - aqt.helper - INFO - helper 130043229987776 Redirected: ftp.fau.de
2026-04-12 20:00:50,897 - aqt.installer - INFO - installer 127477277803456 Finished installation of qtsvg-Windows-Windows_10_22H2-Mingw-Windows-Windows_10_22H2-X86_64.7z in 2.00381962
2026-04-12 20:00:50,909 - aqt.helper - DEBUG - helper 127477277803456 Attempt to download checksum at https://download.qt.io/online/qtsdkrepository/windows_x86/desktop/qt6_683/qt6_683/qt.qt6.683.win64_mingw/6.8.3-0-202503201308qttranslations-Windows-Windows_10_22H2-Mingw-Windows-Windows_10_22H2-X86_64.7z.sha256
2026-04-12 20:00:52,021 - aqt.helper - INFO - helper 127477277803456 Downloading qttranslations...
2026-04-12 20:00:52,021 - aqt.installer - DEBUG - installer 127477277803456 Download URL: https://download.qt.io/online/qtsdkrepository/windows_x86/desktop/qt6_683/qt6_683/qt.qt6.683.win64_mingw/6.8.3-0-202503201308qttranslations-Windows-Windows_10_22H2-Mingw-Windows-Windows_10_22H2-X86_64.7z
2026-04-12 20:00:53,141 - aqt.helper - DEBUG - helper 127477277803456 Asked to redirect(302) to: https://ftp.fau.de/qtproject/online/qtsdkrepository/windows_x86/desktop/qt6_683/qt6_683/qt.qt6.683.win64_mingw/6.8.3-0-202503201308qttranslations-Windows-Windows_10_22H2-Mingw-Windows-Windows_10_22H2-X86_64.7z
2026-04-12 20:00:53,141 - aqt.helper - INFO - helper 127477277803456 Redirected: ftp.fau.de
2026-04-12 20:01:04,103 - aqt.installer - INFO - installer 127477277803456 Finished installation of qttranslations-Windows-Windows_10_22H2-Mingw-Windows-Windows_10_22H2-X86_64.7z in 13.19668078
2026-04-12 20:01:04,115 - aqt.helper - DEBUG - helper 127477277803456 Attempt to download checksum at https://download.qt.io/online/qtsdkrepository/windows_x86/desktop/qt6_683/qt6_683/qt.qt6.683.win64_mingw/6.8.3-0-202503201308MinGW-w64-x86_64-13.1.0-release-posix-seh-msvcrt-rt_v11-rev1-runtime.7z.sha256
2026-04-12 20:01:05,027 - aqt.helper - INFO - helper 127477277803456 Downloading MinGW...
2026-04-12 20:01:05,028 - aqt.installer - DEBUG - installer 127477277803456 Download URL: https://download.qt.io/online/qtsdkrepository/windows_x86/desktop/qt6_683/qt6_683/qt.qt6.683.win64_mingw/6.8.3-0-202503201308MinGW-w64-x86_64-13.1.0-release-posix-seh-msvcrt-rt_v11-rev1-runtime.7z
2026-04-12 20:01:08,852 - aqt.helper - DEBUG - helper 127477277803456 Asked to redirect(302) to: https://ftp.fau.de/qtproject/online/qtsdkrepository/windows_x86/desktop/qt6_683/qt6_683/qt.qt6.683.win64_mingw/6.8.3-0-202503201308MinGW-w64-x86_64-13.1.0-release-posix-seh-msvcrt-rt_v11-rev1-runtime.7z
2026-04-12 20:01:08,852 - aqt.helper - INFO - helper 127477277803456 Redirected: ftp.fau.de
2026-04-12 20:01:10,864 - aqt.installer - INFO - installer 127477277803456 Finished installation of MinGW-w64-x86_64-13.1.0-release-posix-seh-msvcrt-rt_v11-rev1-runtime.7z in 6.75108977
2026-04-12 20:01:10,878 - aqt.helper - DEBUG - helper 127477277803456 Attempt to download checksum at https://download.qt.io/online/qtsdkrepository/windows_x86/desktop/qt6_683/qt6_683/qt.qt6.683.win64_mingw/6.8.3-0-202503201308d3dcompiler_47-x64.7z.sha256
2026-04-12 20:01:11,787 - aqt.helper - INFO - helper 127477277803456 Downloading d3dcompiler_47...
2026-04-12 20:01:11,787 - aqt.installer - DEBUG - installer 127477277803456 Download URL: https://download.qt.io/online/qtsdkrepository/windows_x86/desktop/qt6_683/qt6_683/qt.qt6.683.win64_mingw/6.8.3-0-202503201308d3dcompiler_47-x64.7z
2026-04-12 20:01:12,444 - aqt.helper - DEBUG - helper 127477277803456 Asked to redirect(302) to: https://ftp.fau.de/qtproject/online/qtsdkrepository/windows_x86/desktop/qt6_683/qt6_683/qt.qt6.683.win64_mingw/6.8.3-0-202503201308d3dcompiler_47-x64.7z
2026-04-12 20:01:12,445 - aqt.helper - INFO - helper 127477277803456 Redirected: ftp.fau.de
2026-04-12 20:01:20,943 - aqt.installer - INFO - installer 127477277803456 Finished installation of d3dcompiler_47-x64.7z in 10.06701520
2026-04-12 20:01:21,184 - aqt.helper - DEBUG - helper 128982349321152 Attempt to download checksum at https://download.qt.io/online/qtsdkrepository/windows_x86/desktop/qt6_683/qt6_683/qt.qt6.683.win64_mingw/6.8.3-0-202503201308opengl32sw-64-mesa_11_2_2-signed_sha256.7z.sha256
2026-04-12 20:01:22,251 - aqt.helper - INFO - helper 128982349321152 Downloading opengl32sw...
2026-04-12 20:01:22,251 - aqt.installer - DEBUG - installer 128982349321152 Download URL: https://download.qt.io/online/qtsdkrepository/windows_x86/desktop/qt6_683/qt6_683/qt.qt6.683.win64_mingw/6.8.3-0-202503201308opengl32sw-64-mesa_11_2_2-signed_sha256.7z
2026-04-12 20:01:23,206 - aqt.helper - DEBUG - helper 128982349321152 Asked to redirect(302) to: https://ftp.fau.de/qtproject/online/qtsdkrepository/windows_x86/desktop/qt6_683/qt6_683/qt.qt6.683.win64_mingw/6.8.3-0-202503201308opengl32sw-64-mesa_11_2_2-signed_sha256.7z
2026-04-12 20:01:23,207 - aqt.helper - INFO - helper 128982349321152 Redirected: ftp.fau.de
2026-04-12 20:01:51,637 - aqt.installer - INFO - installer 128982349321152 Finished installation of opengl32sw-64-mesa_11_2_2-signed_sha256.7z in 30.45473119
2026-04-12 20:02:25,268 - aqt.installer - INFO - installer 124112457933760 Finished installation of qtbase-Windows-Windows_10_22H2-Mingw-Windows-Windows_10_22H2-X86_64.7z in 96.37493337
2026-04-12 20:02:26,028 - aqt.installer - INFO - installer 130043229987776 Finished installation of qttools-Windows-Windows_10_22H2-Mingw-Windows-Windows_10_22H2-X86_64.7z in 97.13339746
2026-04-12 20:03:37,274 - aqt.installer - INFO - installer 128208014902208 Finished installation of qtdeclarative-Windows-Windows_10_22H2-Mingw-Windows-Windows_10_22H2-X86_64.7z in 168.38014040
2026-04-12 20:03:37,347 - aqt.updater - INFO - updater 137850307277760 Patching /opt/Qt/6.8.3/mingw_64/lib/pkgconfig/Qt6Gui.pc
2026-04-12 20:03:37,347 - aqt.updater - INFO - updater 137850307277760 Patching /opt/Qt/6.8.3/mingw_64/lib/pkgconfig/Qt6OpenGLWidgets.pc
2026-04-12 20:03:37,347 - aqt.updater - INFO - updater 137850307277760 Patching /opt/Qt/6.8.3/mingw_64/lib/pkgconfig/Qt6QuickControls2Material.pc
2026-04-12 20:03:37,347 - aqt.updater - INFO - updater 137850307277760 Patching /opt/Qt/6.8.3/mingw_64/lib/pkgconfig/Qt6QuickDialogs2QuickImpl.pc
2026-04-12 20:03:37,348 - aqt.updater - INFO - updater 137850307277760 Patching /opt/Qt/6.8.3/mingw_64/lib/pkgconfig/Qt6Quick.pc
2026-04-12 20:03:37,348 - aqt.updater - INFO - updater 137850307277760 Patching /opt/Qt/6.8.3/mingw_64/lib/pkgconfig/Qt6Concurrent.pc
2026-04-12 20:03:37,348 - aqt.updater - INFO - updater 137850307277760 Patching /opt/Qt/6.8.3/mingw_64/lib/pkgconfig/Qt6LabsSettings.pc
2026-04-12 20:03:37,348 - aqt.updater - INFO - updater 137850307277760 Patching /opt/Qt/6.8.3/mingw_64/lib/pkgconfig/Qt6QuickControls2Universal.pc
2026-04-12 20:03:37,348 - aqt.updater - INFO - updater 137850307277760 Patching /opt/Qt/6.8.3/mingw_64/lib/pkgconfig/Qt6QuickControls2FusionStyleImpl.pc
2026-04-12 20:03:37,348 - aqt.updater - INFO - updater 137850307277760 Patching /opt/Qt/6.8.3/mingw_64/lib/pkgconfig/Qt6QmlIntegration.pc
2026-04-12 20:03:37,348 - aqt.updater - INFO - updater 137850307277760 Patching /opt/Qt/6.8.3/mingw_64/lib/pkgconfig/Qt6Designer.pc
2026-04-12 20:03:37,348 - aqt.updater - INFO - updater 137850307277760 Patching /opt/Qt/6.8.3/mingw_64/lib/pkgconfig/Qt6QmlModels.pc
2026-04-12 20:03:37,348 - aqt.updater - INFO - updater 137850307277760 Patching /opt/Qt/6.8.3/mingw_64/lib/pkgconfig/Qt6Sql.pc
2026-04-12 20:03:37,348 - aqt.updater - INFO - updater 137850307277760 Patching /opt/Qt/6.8.3/mingw_64/lib/pkgconfig/Qt6QuickControls2Impl.pc
2026-04-12 20:03:37,349 - aqt.updater - INFO - updater 137850307277760 Patching /opt/Qt/6.8.3/mingw_64/lib/pkgconfig/Qt6QmlAssetDownloader.pc
2026-04-12 20:03:37,349 - aqt.updater - INFO - updater 137850307277760 Patching /opt/Qt/6.8.3/mingw_64/lib/pkgconfig/Qt6Linguist.pc
2026-04-12 20:03:37,349 - aqt.updater - INFO - updater 137850307277760 Patching /opt/Qt/6.8.3/mingw_64/lib/pkgconfig/Qt6LabsWavefrontMesh.pc
2026-04-12 20:03:37,349 - aqt.updater - INFO - updater 137850307277760 Patching /opt/Qt/6.8.3/mingw_64/lib/pkgconfig/Qt6QuickLayouts.pc
2026-04-12 20:03:37,349 - aqt.updater - INFO - updater 137850307277760 Patching /opt/Qt/6.8.3/mingw_64/lib/pkgconfig/Qt6QuickDialogs2Utils.pc
2026-04-12 20:03:37,349 - aqt.updater - INFO - updater 137850307277760 Patching /opt/Qt/6.8.3/mingw_64/lib/pkgconfig/Qt6LabsFolderListModel.pc
2026-04-12 20:03:37,349 - aqt.updater - INFO - updater 137850307277760 Patching /opt/Qt/6.8.3/mingw_64/lib/pkgconfig/Qt6QuickControls2ImagineStyleImpl.pc
2026-04-12 20:03:37,349 - aqt.updater - INFO - updater 137850307277760 Patching /opt/Qt/6.8.3/mingw_64/lib/pkgconfig/Qt6PrintSupport.pc
2026-04-12 20:03:37,349 - aqt.updater - INFO - updater 137850307277760 Patching /opt/Qt/6.8.3/mingw_64/lib/pkgconfig/Qt6OpenGL.pc
2026-04-12 20:03:37,349 - aqt.updater - INFO - updater 137850307277760 Patching /opt/Qt/6.8.3/mingw_64/lib/pkgconfig/Qt6Widgets.pc
2026-04-12 20:03:37,349 - aqt.updater - INFO - updater 137850307277760 Patching /opt/Qt/6.8.3/mingw_64/lib/pkgconfig/Qt6QuickControls2BasicStyleImpl.pc
2026-04-12 20:03:37,349 - aqt.updater - INFO - updater 137850307277760 Patching /opt/Qt/6.8.3/mingw_64/lib/pkgconfig/Qt6QuickWidgets.pc
2026-04-12 20:03:37,349 - aqt.updater - INFO - updater 137850307277760 Patching /opt/Qt/6.8.3/mingw_64/lib/pkgconfig/Qt6Qml.pc
2026-04-12 20:03:37,350 - aqt.updater - INFO - updater 137850307277760 Patching /opt/Qt/6.8.3/mingw_64/lib/pkgconfig/Qt6LabsQmlModels.pc
2026-04-12 20:03:37,350 - aqt.updater - INFO - updater 137850307277760 Patching /opt/Qt/6.8.3/mingw_64/lib/pkgconfig/Qt6SvgWidgets.pc
2026-04-12 20:03:37,350 - aqt.updater - INFO - updater 137850307277760 Patching /opt/Qt/6.8.3/mingw_64/lib/pkgconfig/Qt6LabsPlatform.pc
2026-04-12 20:03:37,350 - aqt.updater - INFO - updater 137850307277760 Patching /opt/Qt/6.8.3/mingw_64/lib/pkgconfig/Qt6Svg.pc
2026-04-12 20:03:37,350 - aqt.updater - INFO - updater 137850307277760 Patching /opt/Qt/6.8.3/mingw_64/lib/pkgconfig/Qt6Xml.pc
2026-04-12 20:03:37,350 - aqt.updater - INFO - updater 137850307277760 Patching /opt/Qt/6.8.3/mingw_64/lib/pkgconfig/Qt6QuickTest.pc
2026-04-12 20:03:37,350 - aqt.updater - INFO - updater 137850307277760 Patching /opt/Qt/6.8.3/mingw_64/lib/pkgconfig/Qt6QmlLocalStorage.pc
2026-04-12 20:03:37,350 - aqt.updater - INFO - updater 137850307277760 Patching /opt/Qt/6.8.3/mingw_64/lib/pkgconfig/Qt6UiTools.pc
2026-04-12 20:03:37,350 - aqt.updater - INFO - updater 137850307277760 Patching /opt/Qt/6.8.3/mingw_64/lib/pkgconfig/Qt6QmlNetwork.pc
2026-04-12 20:03:37,350 - aqt.updater - INFO - updater 137850307277760 Patching /opt/Qt/6.8.3/mingw_64/lib/pkgconfig/Qt6QuickControls2.pc
2026-04-12 20:03:37,350 - aqt.updater - INFO - updater 137850307277760 Patching /opt/Qt/6.8.3/mingw_64/lib/pkgconfig/Qt6UiPlugin.pc
2026-04-12 20:03:37,350 - aqt.updater - INFO - updater 137850307277760 Patching /opt/Qt/6.8.3/mingw_64/lib/pkgconfig/Qt6QuickControls2UniversalStyleImpl.pc
2026-04-12 20:03:37,350 - aqt.updater - INFO - updater 137850307277760 Patching /opt/Qt/6.8.3/mingw_64/lib/pkgconfig/Qt6Platform.pc
2026-04-12 20:03:37,350 - aqt.updater - INFO - updater 137850307277760 Patching /opt/Qt/6.8.3/mingw_64/lib/pkgconfig/Qt6Help.pc
2026-04-12 20:03:37,351 - aqt.updater - INFO - updater 137850307277760 Patching /opt/Qt/6.8.3/mingw_64/lib/pkgconfig/Qt6Network.pc
2026-04-12 20:03:37,351 - aqt.updater - INFO - updater 137850307277760 Patching /opt/Qt/6.8.3/mingw_64/lib/pkgconfig/Qt6QmlWorkerScript.pc
2026-04-12 20:03:37,351 - aqt.updater - INFO - updater 137850307277760 Patching /opt/Qt/6.8.3/mingw_64/lib/pkgconfig/Qt6QmlCompiler.pc
2026-04-12 20:03:37,351 - aqt.updater - INFO - updater 137850307277760 Patching /opt/Qt/6.8.3/mingw_64/lib/pkgconfig/Qt6QuickControls2FluentWinUI3StyleImpl.pc
2026-04-12 20:03:37,351 - aqt.updater - INFO - updater 137850307277760 Patching /opt/Qt/6.8.3/mingw_64/lib/pkgconfig/Qt6QmlXmlListModel.pc
2026-04-12 20:03:37,351 - aqt.updater - INFO - updater 137850307277760 Patching /opt/Qt/6.8.3/mingw_64/lib/pkgconfig/Qt6LabsAnimation.pc
2026-04-12 20:03:37,351 - aqt.updater - INFO - updater 137850307277760 Patching /opt/Qt/6.8.3/mingw_64/lib/pkgconfig/Qt6QuickVectorImage.pc
2026-04-12 20:03:37,351 - aqt.updater - INFO - updater 137850307277760 Patching /opt/Qt/6.8.3/mingw_64/lib/pkgconfig/Qt6QuickControls2Imagine.pc
2026-04-12 20:03:37,351 - aqt.updater - INFO - updater 137850307277760 Patching /opt/Qt/6.8.3/mingw_64/lib/pkgconfig/Qt6QuickControls2WindowsStyleImpl.pc
2026-04-12 20:03:37,351 - aqt.updater - INFO - updater 137850307277760 Patching /opt/Qt/6.8.3/mingw_64/lib/pkgconfig/Qt6LabsSharedImage.pc
2026-04-12 20:03:37,351 - aqt.updater - INFO - updater 137850307277760 Patching /opt/Qt/6.8.3/mingw_64/lib/pkgconfig/Qt6QmlCore.pc
2026-04-12 20:03:37,351 - aqt.updater - INFO - updater 137850307277760 Patching /opt/Qt/6.8.3/mingw_64/lib/pkgconfig/Qt6QuickControls2MaterialStyleImpl.pc
2026-04-12 20:03:37,351 - aqt.updater - INFO - updater 137850307277760 Patching /opt/Qt/6.8.3/mingw_64/lib/pkgconfig/Qt6DBus.pc
2026-04-12 20:03:37,352 - aqt.updater - INFO - updater 137850307277760 Patching /opt/Qt/6.8.3/mingw_64/lib/pkgconfig/Qt6QuickTemplates2.pc
2026-04-12 20:03:37,352 - aqt.updater - INFO - updater 137850307277760 Patching /opt/Qt/6.8.3/mingw_64/lib/pkgconfig/Qt6Core.pc
2026-04-12 20:03:37,352 - aqt.updater - INFO - updater 137850307277760 Patching /opt/Qt/6.8.3/mingw_64/lib/pkgconfig/Qt6QuickControls2Basic.pc
2026-04-12 20:03:37,352 - aqt.updater - INFO - updater 137850307277760 Patching /opt/Qt/6.8.3/mingw_64/lib/pkgconfig/Qt6QuickDialogs2.pc
2026-04-12 20:03:37,352 - aqt.updater - INFO - updater 137850307277760 Patching /opt/Qt/6.8.3/mingw_64/lib/pkgconfig/Qt6Test.pc
2026-04-12 20:03:37,352 - aqt.updater - INFO - updater 137850307277760 Patching /opt/Qt/6.8.3/mingw_64/lib/pkgconfig/Qt6QuickControls2Fusion.pc
2026-04-12 20:03:37,352 - aqt.updater - INFO - updater 137850307277760 Patching /opt/Qt/6.8.3/mingw_64/lib/pkgconfig/Qt6QmlMeta.pc
2026-04-12 20:03:37,352 - aqt.updater - INFO - updater 137850307277760 Patching /opt/Qt/6.8.3/mingw_64/lib/Qt6FbSupport.prl
2026-04-12 20:03:37,353 - aqt.updater - INFO - updater 137850307277760 Patching /opt/Qt/6.8.3/mingw_64/lib/Qt6LabsQmlModels.prl
2026-04-12 20:03:37,353 - aqt.updater - INFO - updater 137850307277760 Patching /opt/Qt/6.8.3/mingw_64/lib/Qt6DeviceDiscoverySupport.prl
2026-04-12 20:03:37,353 - aqt.updater - INFO - updater 137850307277760 Patching /opt/Qt/6.8.3/mingw_64/lib/Qt6QmlTypeRegistrar.prl
2026-04-12 20:03:37,353 - aqt.updater - INFO - updater 137850307277760 Patching /opt/Qt/6.8.3/mingw_64/lib/Qt6QuickControls2Imagine.prl
2026-04-12 20:03:37,353 - aqt.updater - INFO - updater 137850307277760 Patching /opt/Qt/6.8.3/mingw_64/lib/Qt6QuickVectorImageGenerator.prl
2026-04-12 20:03:37,353 - aqt.updater - INFO - updater 137850307277760 Patching /opt/Qt/6.8.3/mingw_64/lib/Qt6QuickControls2MaterialStyleImpl.prl
2026-04-12 20:03:37,353 - aqt.updater - INFO - updater 137850307277760 Patching /opt/Qt/6.8.3/mingw_64/lib/Qt6QuickVectorImage.prl
2026-04-12 20:03:37,353 - aqt.updater - INFO - updater 137850307277760 Patching /opt/Qt/6.8.3/mingw_64/lib/Qt6QuickControls2BasicStyleImpl.prl
2026-04-12 20:03:37,353 - aqt.updater - INFO - updater 137850307277760 Patching /opt/Qt/6.8.3/mingw_64/lib/Qt6QuickControls2Material.prl
2026-04-12 20:03:37,353 - aqt.updater - INFO - updater 137850307277760 Patching /opt/Qt/6.8.3/mingw_64/lib/Qt6QmlToolingSettings.prl
2026-04-12 20:03:37,353 - aqt.updater - INFO - updater 137850307277760 Patching /opt/Qt/6.8.3/mingw_64/lib/Qt6QmlModels.prl
2026-04-12 20:03:37,353 - aqt.updater - INFO - updater 137850307277760 Patching /opt/Qt/6.8.3/mingw_64/lib/Qt6Concurrent.prl
2026-04-12 20:03:37,354 - aqt.updater - INFO - updater 137850307277760 Patching /opt/Qt/6.8.3/mingw_64/lib/Qt6Designer.prl
2026-04-12 20:03:37,354 - aqt.updater - INFO - updater 137850307277760 Patching /opt/Qt/6.8.3/mingw_64/lib/Qt6QmlDebug.prl
2026-04-12 20:03:37,354 - aqt.updater - INFO - updater 137850307277760 Patching /opt/Qt/6.8.3/mingw_64/lib/Qt6QuickControls2.prl
2026-04-12 20:03:37,354 - aqt.updater - INFO - updater 137850307277760 Patching /opt/Qt/6.8.3/mingw_64/lib/Qt6PrintSupport.prl
2026-04-12 20:03:37,354 - aqt.updater - INFO - updater 137850307277760 Patching /opt/Qt/6.8.3/mingw_64/lib/Qt6QuickControls2FluentWinUI3StyleImpl.prl
2026-04-12 20:03:37,354 - aqt.updater - INFO - updater 137850307277760 Patching /opt/Qt/6.8.3/mingw_64/lib/Qt6QmlWorkerScript.prl
2026-04-12 20:03:37,354 - aqt.updater - INFO - updater 137850307277760 Patching /opt/Qt/6.8.3/mingw_64/lib/Qt6QuickWidgets.prl
2026-04-12 20:03:37,354 - aqt.updater - INFO - updater 137850307277760 Patching /opt/Qt/6.8.3/mingw_64/lib/Qt6QuickTemplates2.prl
2026-04-12 20:03:37,354 - aqt.updater - INFO - updater 137850307277760 Patching /opt/Qt/6.8.3/mingw_64/lib/Qt6QuickControls2ImagineStyleImpl.prl
2026-04-12 20:03:37,354 - aqt.updater - INFO - updater 137850307277760 Patching /opt/Qt/6.8.3/mingw_64/lib/Qt6QuickControlsTestUtils.prl
2026-04-12 20:03:37,354 - aqt.updater - INFO - updater 137850307277760 Patching /opt/Qt/6.8.3/mingw_64/lib/Qt6LabsSettings.prl
2026-04-12 20:03:37,354 - aqt.updater - INFO - updater 137850307277760 Patching /opt/Qt/6.8.3/mingw_64/lib/Qt6Qml.prl
2026-04-12 20:03:37,354 - aqt.updater - INFO - updater 137850307277760 Patching /opt/Qt/6.8.3/mingw_64/lib/Qt6Network.prl
2026-04-12 20:03:37,355 - aqt.updater - INFO - updater 137850307277760 Patching /opt/Qt/6.8.3/mingw_64/lib/Qt6QuickControls2FusionStyleImpl.prl
2026-04-12 20:03:37,355 - aqt.updater - INFO - updater 137850307277760 Patching /opt/Qt/6.8.3/mingw_64/lib/Qt6QuickLayouts.prl
2026-04-12 20:03:37,355 - aqt.updater - INFO - updater 137850307277760 Patching /opt/Qt/6.8.3/mingw_64/lib/Qt6Sql.prl
2026-04-12 20:03:37,355 - aqt.updater - INFO - updater 137850307277760 Patching /opt/Qt/6.8.3/mingw_64/lib/Qt6QuickEffects.prl
2026-04-12 20:03:37,355 - aqt.updater - INFO - updater 137850307277760 Patching /opt/Qt/6.8.3/mingw_64/lib/Qt6LabsWavefrontMesh.prl
2026-04-12 20:03:37,355 - aqt.updater - INFO - updater 137850307277760 Patching /opt/Qt/6.8.3/mingw_64/lib/Qt6QuickTest.prl
2026-04-12 20:03:37,355 - aqt.updater - INFO - updater 137850307277760 Patching /opt/Qt/6.8.3/mingw_64/lib/Qt6QuickDialogs2.prl
2026-04-12 20:03:37,355 - aqt.updater - INFO - updater 137850307277760 Patching /opt/Qt/6.8.3/mingw_64/lib/Qt6QuickDialogs2QuickImpl.prl
2026-04-12 20:03:37,355 - aqt.updater - INFO - updater 137850307277760 Patching /opt/Qt/6.8.3/mingw_64/lib/Qt6QmlLS.prl
2026-04-12 20:03:37,355 - aqt.updater - INFO - updater 137850307277760 Patching /opt/Qt/6.8.3/mingw_64/lib/Qt6Core.prl
2026-04-12 20:03:37,355 - aqt.updater - INFO - updater 137850307277760 Patching /opt/Qt/6.8.3/mingw_64/lib/Qt6QmlDom.prl
2026-04-12 20:03:37,355 - aqt.updater - INFO - updater 137850307277760 Patching /opt/Qt/6.8.3/mingw_64/lib/Qt6QmlNetwork.prl
2026-04-12 20:03:37,355 - aqt.updater - INFO - updater 137850307277760 Patching /opt/Qt/6.8.3/mingw_64/lib/Qt6OpenGL.prl
2026-04-12 20:03:37,356 - aqt.updater - INFO - updater 137850307277760 Patching /opt/Qt/6.8.3/mingw_64/lib/Qt6Xml.prl
2026-04-12 20:03:37,356 - aqt.updater - INFO - updater 137850307277760 Patching /opt/Qt/6.8.3/mingw_64/lib/Qt6QuickTestUtils.prl
2026-04-12 20:03:37,356 - aqt.updater - INFO - updater 137850307277760 Patching /opt/Qt/6.8.3/mingw_64/lib/Qt6Svg.prl
2026-04-12 20:03:37,356 - aqt.updater - INFO - updater 137850307277760 Patching /opt/Qt/6.8.3/mingw_64/lib/Qt6Widgets.prl
2026-04-12 20:03:37,356 - aqt.updater - INFO - updater 137850307277760 Patching /opt/Qt/6.8.3/mingw_64/lib/Qt6LabsSharedImage.prl
2026-04-12 20:03:37,356 - aqt.updater - INFO - updater 137850307277760 Patching /opt/Qt/6.8.3/mingw_64/lib/Qt6ExamplesAssetDownloader.prl
2026-04-12 20:03:37,356 - aqt.updater - INFO - updater 137850307277760 Patching /opt/Qt/6.8.3/mingw_64/lib/Qt6QmlMeta.prl
2026-04-12 20:03:37,356 - aqt.updater - INFO - updater 137850307277760 Patching /opt/Qt/6.8.3/mingw_64/lib/Qt6QuickControls2WindowsStyleImpl.prl
2026-04-12 20:03:37,356 - aqt.updater - INFO - updater 137850307277760 Patching /opt/Qt/6.8.3/mingw_64/lib/Qt6Quick.prl
2026-04-12 20:03:37,356 - aqt.updater - INFO - updater 137850307277760 Patching /opt/Qt/6.8.3/mingw_64/lib/Qt6QuickControls2Universal.prl
2026-04-12 20:03:37,356 - aqt.updater - INFO - updater 137850307277760 Patching /opt/Qt/6.8.3/mingw_64/lib/Qt6QuickDialogs2Utils.prl
2026-04-12 20:03:37,356 - aqt.updater - INFO - updater 137850307277760 Patching /opt/Qt/6.8.3/mingw_64/lib/Qt6PacketProtocol.prl
2026-04-12 20:03:37,356 - aqt.updater - INFO - updater 137850307277760 Patching /opt/Qt/6.8.3/mingw_64/lib/Qt6QmlLocalStorage.prl
2026-04-12 20:03:37,356 - aqt.updater - INFO - updater 137850307277760 Patching /opt/Qt/6.8.3/mingw_64/lib/Qt6QmlAssetDownloader.prl
2026-04-12 20:03:37,357 - aqt.updater - INFO - updater 137850307277760 Patching /opt/Qt/6.8.3/mingw_64/lib/Qt6LabsPlatform.prl
2026-04-12 20:03:37,357 - aqt.updater - INFO - updater 137850307277760 Patching /opt/Qt/6.8.3/mingw_64/lib/Qt6QuickParticles.prl
2026-04-12 20:03:37,357 - aqt.updater - INFO - updater 137850307277760 Patching /opt/Qt/6.8.3/mingw_64/lib/Qt6EntryPoint.prl
2026-04-12 20:03:37,357 - aqt.updater - INFO - updater 137850307277760 Patching /opt/Qt/6.8.3/mingw_64/lib/Qt6QuickControls2Fusion.prl
2026-04-12 20:03:37,357 - aqt.updater - INFO - updater 137850307277760 Patching /opt/Qt/6.8.3/mingw_64/lib/Qt6DBus.prl
2026-04-12 20:03:37,357 - aqt.updater - INFO - updater 137850307277760 Patching /opt/Qt/6.8.3/mingw_64/lib/Qt6QmlCore.prl
2026-04-12 20:03:37,357 - aqt.updater - INFO - updater 137850307277760 Patching /opt/Qt/6.8.3/mingw_64/lib/Qt6QuickControls2UniversalStyleImpl.prl
2026-04-12 20:03:37,357 - aqt.updater - INFO - updater 137850307277760 Patching /opt/Qt/6.8.3/mingw_64/lib/Qt6SvgWidgets.prl
2026-04-12 20:03:37,357 - aqt.updater - INFO - updater 137850307277760 Patching /opt/Qt/6.8.3/mingw_64/lib/Qt6Help.prl
2026-04-12 20:03:37,357 - aqt.updater - INFO - updater 137850307277760 Patching /opt/Qt/6.8.3/mingw_64/lib/Qt6Gui.prl
2026-04-12 20:03:37,357 - aqt.updater - INFO - updater 137850307277760 Patching /opt/Qt/6.8.3/mingw_64/lib/Qt6QuickControls2Impl.prl
2026-04-12 20:03:37,357 - aqt.updater - INFO - updater 137850307277760 Patching /opt/Qt/6.8.3/mingw_64/lib/Qt6LabsAnimation.prl
2026-04-12 20:03:37,357 - aqt.updater - INFO - updater 137850307277760 Patching /opt/Qt/6.8.3/mingw_64/lib/Qt6ExampleIcons.prl
2026-04-12 20:03:37,358 - aqt.updater - INFO - updater 137850307277760 Patching /opt/Qt/6.8.3/mingw_64/lib/Qt6LabsFolderListModel.prl
2026-04-12 20:03:37,358 - aqt.updater - INFO - updater 137850307277760 Patching /opt/Qt/6.8.3/mingw_64/lib/Qt6QuickShapes.prl
2026-04-12 20:03:37,358 - aqt.updater - INFO - updater 137850307277760 Patching /opt/Qt/6.8.3/mingw_64/lib/Qt6QmlCompiler.prl
2026-04-12 20:03:37,358 - aqt.updater - INFO - updater 137850307277760 Patching /opt/Qt/6.8.3/mingw_64/lib/Qt6QuickControls2Basic.prl
2026-04-12 20:03:37,358 - aqt.updater - INFO - updater 137850307277760 Patching /opt/Qt/6.8.3/mingw_64/lib/Qt6UiTools.prl
2026-04-12 20:03:37,358 - aqt.updater - INFO - updater 137850307277760 Patching /opt/Qt/6.8.3/mingw_64/lib/Qt6QmlXmlListModel.prl
2026-04-12 20:03:37,358 - aqt.updater - INFO - updater 137850307277760 Patching /opt/Qt/6.8.3/mingw_64/lib/Qt6DesignerComponents.prl
2026-04-12 20:03:37,358 - aqt.updater - INFO - updater 137850307277760 Patching /opt/Qt/6.8.3/mingw_64/lib/Qt6Test.prl
2026-04-12 20:03:37,358 - aqt.updater - INFO - updater 137850307277760 Patching /opt/Qt/6.8.3/mingw_64/lib/Qt6OpenGLWidgets.prl
2026-04-12 20:03:37,358 - aqt.main - INFO - installer 137850307277760 Finished installation
2026-04-12 20:03:37,358 - aqt.main - INFO - installer 137850307277760 Time elapsed: 172.10480093 second
2026-04-12 20:04:53,786 - aqt.main - INFO - installer 139912654881728 aqtinstall(aqt) v3.3.0 on Python 3.13.7 [CPython GCC 15.2.0]
2026-04-12 20:04:53,787 - aqt.helper - DEBUG - helper 139912654881728 Attempt to download checksum at https://download.qt.io/online/qtsdkrepository/windows_x86/desktop/tools_mingw90/Updates.xml.sha256
2026-04-12 20:04:54,546 - aqt.helper - DEBUG - helper 139912654881728 Attempt to download checksum at https://download.qt.io/online/qtsdkrepository/windows_x86/desktop/tools_mingw90/Updates.xml.sha256
2026-04-12 20:04:55,469 - aqt.helper - DEBUG - helper 124615784829888 Attempt to download checksum at https://download.qt.io/online/qtsdkrepository/windows_x86/desktop/tools_mingw90/qt.tools.win64_mingw900/9.0.0-1-202203221220mingw-w64-x86_64-11.2.0-release-posix-seh-rt_v9-rev3.7z.sha256
2026-04-12 20:04:55,838 - aqt.helper - INFO - helper 124615784829888 Downloading qt.tools.win64_mingw900...
2026-04-12 20:04:55,838 - aqt.installer - DEBUG - installer 124615784829888 Download URL: https://download.qt.io/online/qtsdkrepository/windows_x86/desktop/tools_mingw90/qt.tools.win64_mingw900/9.0.0-1-202203221220mingw-w64-x86_64-11.2.0-release-posix-seh-rt_v9-rev3.7z
2026-04-12 20:04:56,196 - aqt.helper - DEBUG - helper 124615784829888 Asked to redirect(302) to: https://ftp.fau.de/qtproject/online/qtsdkrepository/windows_x86/desktop/tools_mingw90/qt.tools.win64_mingw900/9.0.0-1-202203221220mingw-w64-x86_64-11.2.0-release-posix-seh-rt_v9-rev3.7z
2026-04-12 20:04:56,196 - aqt.helper - INFO - helper 124615784829888 Redirected: ftp.fau.de
2026-04-12 20:07:19,269 - aqt.installer - INFO - installer 124615784829888 Finished installation of mingw-w64-x86_64-11.2.0-release-posix-seh-rt_v9-rev3.7z in 143.80181133
2026-04-12 20:07:19,353 - aqt.main - INFO - installer 139912654881728 Finished installation
2026-04-12 20:07:19,353 - aqt.main - INFO - installer 139912654881728 Time elapsed: 145.56672187 second
2026-04-12 20:07:27,323 - aqt.main - INFO - installer 128959274861504 aqtinstall(aqt) v3.3.0 on Python 3.13.7 [CPython GCC 15.2.0]
2026-04-12 20:07:31,789 - aqt.helper - DEBUG - helper 134320622633920 Attempt to download checksum at https://download.qt.io/online/qtsdkrepository/windows_x86/desktop/qt6_683/qt6_683/Updates.xml.sha256
2026-04-12 20:07:32,620 - aqt.helper - DEBUG - helper 134320622633920 Attempt to download checksum at https://download.qt.io/online/qtsdkrepository/windows_x86/extensions/qtpdf/683/mingw/Updates.xml.sha256
2026-04-12 20:07:33,358 - aqt.helper - DEBUG - helper 134320622633920 Attempt to download checksum at https://download.qt.io/online/qtsdkrepository/windows_x86/extensions/qtwebengine/683/mingw/Updates.xml.sha256
2026-04-12 20:07:33,674 - aqt.helper - DEBUG - helper 134320622633920 Attempt to download checksum at https://download.qt.io/online/qtsdkrepository/windows_x86/extensions/qtwebengine/683/mingw/Updates.xml.sha256
2026-04-12 20:07:34,036 - aqt.helper - DEBUG - helper 134320622633920 Attempt to download checksum at https://download.qt.io/online/qtsdkrepository/windows_x86/extensions/qtwebengine/683/mingw/Updates.xml.sha256
2026-04-12 20:07:34,424 - aqt.helper - DEBUG - helper 134320622633920 Attempt to download checksum at https://download.qt.io/online/qtsdkrepository/windows_x86/extensions/qtwebengine/683/mingw/Updates.xml.sha256
2026-04-12 20:07:34,775 - aqt.helper - DEBUG - helper 134320622633920 Attempt to download checksum at https://download.qt.io/online/qtsdkrepository/windows_x86/extensions/qtwebengine/683/mingw/Updates.xml.sha256
2026-04-12 20:07:42,231 - aqt.main - INFO - installer 134837686191040 aqtinstall(aqt) v3.3.0 on Python 3.13.7 [CPython GCC 15.2.0]
2026-04-12 20:07:42,231 - aqt.helper - DEBUG - helper 134837686191040 Attempt to download checksum at https://download.qt.io/online/qtsdkrepository/windows_x86/desktop/qt6_683/qt6_683/Updates.xml.sha256
2026-04-12 20:07:43,445 - aqt.helper - DEBUG - helper 134837686191040 Attempt to download checksum at https://download.qt.io/online/qtsdkrepository/windows_x86/extensions/qtwebengine/683/mingw/Updates.xml.sha256
2026-04-12 20:07:44,459 - aqt.helper - DEBUG - helper 134837686191040 Attempt to download checksum at https://download.qt.io/online/qtsdkrepository/windows_x86/extensions/qtwebengine/683/mingw/Updates.xml.sha256
2026-04-12 20:07:45,155 - aqt.helper - DEBUG - helper 134837686191040 Attempt to download checksum at https://download.qt.io/online/qtsdkrepository/windows_x86/extensions/qtwebengine/683/mingw/Updates.xml.sha256
2026-04-12 20:07:45,783 - aqt.helper - DEBUG - helper 134837686191040 Attempt to download checksum at https://download.qt.io/online/qtsdkrepository/windows_x86/extensions/qtwebengine/683/mingw/Updates.xml.sha256
2026-04-12 20:07:46,291 - aqt.helper - DEBUG - helper 134837686191040 Attempt to download checksum at https://download.qt.io/online/qtsdkrepository/windows_x86/extensions/qtwebengine/683/mingw/Updates.xml.sha256
2026-04-12 20:07:46,706 - aqt.helper - DEBUG - helper 134837686191040 Attempt to download checksum at https://download.qt.io/online/qtsdkrepository/windows_x86/extensions/qtpdf/683/mingw/Updates.xml.sha256
2026-04-12 20:07:48,034 - aqt.archives - INFO - archives 134837686191040 Found extension qtpdf
2026-04-12 20:07:48,260 - aqt.helper - DEBUG - helper 134387470500800 Attempt to download checksum at https://download.qt.io/online/qtsdkrepository/windows_x86/desktop/qt6_683/qt6_683/qt.qt6.683.addons.qtmultimedia.win64_mingw/6.8.3-0-202503201308qtmultimedia-Windows-Windows_10_22H2-Mingw-Windows-Windows_10_22H2-X86_64.7z.sha256
2026-04-12 20:07:48,260 - aqt.helper - DEBUG - helper 134734199370688 Attempt to download checksum at https://download.qt.io/online/qtsdkrepository/windows_x86/desktop/qt6_683/qt6_683/qt.qt6.683.addons.qtshadertools.win64_mingw/6.8.3-0-202503201308qtshadertools-Windows-Windows_10_22H2-Mingw-Windows-Windows_10_22H2-X86_64.7z.sha256
2026-04-12 20:07:48,656 - aqt.helper - INFO - helper 134734199370688 Downloading qtshadertools...
2026-04-12 20:07:48,656 - aqt.installer - DEBUG - installer 134734199370688 Download URL: https://download.qt.io/online/qtsdkrepository/windows_x86/desktop/qt6_683/qt6_683/qt.qt6.683.addons.qtshadertools.win64_mingw/6.8.3-0-202503201308qtshadertools-Windows-Windows_10_22H2-Mingw-Windows-Windows_10_22H2-X86_64.7z
2026-04-12 20:07:48,671 - aqt.helper - INFO - helper 134387470500800 Downloading qtmultimedia...
2026-04-12 20:07:48,671 - aqt.installer - DEBUG - installer 134387470500800 Download URL: https://download.qt.io/online/qtsdkrepository/windows_x86/desktop/qt6_683/qt6_683/qt.qt6.683.addons.qtmultimedia.win64_mingw/6.8.3-0-202503201308qtmultimedia-Windows-Windows_10_22H2-Mingw-Windows-Windows_10_22H2-X86_64.7z
2026-04-12 20:07:49,055 - aqt.helper - DEBUG - helper 134387470500800 Asked to redirect(302) to: https://ftp.fau.de/qtproject/online/qtsdkrepository/windows_x86/desktop/qt6_683/qt6_683/qt.qt6.683.addons.qtmultimedia.win64_mingw/6.8.3-0-202503201308qtmultimedia-Windows-Windows_10_22H2-Mingw-Windows-Windows_10_22H2-X86_64.7z
2026-04-12 20:07:49,055 - aqt.helper - DEBUG - helper 134734199370688 Asked to redirect(302) to: https://ftp.fau.de/qtproject/online/qtsdkrepository/windows_x86/desktop/qt6_683/qt6_683/qt.qt6.683.addons.qtshadertools.win64_mingw/6.8.3-0-202503201308qtshadertools-Windows-Windows_10_22H2-Mingw-Windows-Windows_10_22H2-X86_64.7z
2026-04-12 20:07:49,055 - aqt.helper - INFO - helper 134387470500800 Redirected: ftp.fau.de
2026-04-12 20:07:49,055 - aqt.helper - INFO - helper 134734199370688 Redirected: ftp.fau.de
2026-04-12 20:07:54,552 - aqt.installer - INFO - installer 134734199370688 Finished installation of qtshadertools-Windows-Windows_10_22H2-Mingw-Windows-Windows_10_22H2-X86_64.7z in 6.29321213
2026-04-12 20:08:40,473 - aqt.installer - INFO - installer 134387470500800 Finished installation of qtmultimedia-Windows-Windows_10_22H2-Mingw-Windows-Windows_10_22H2-X86_64.7z in 52.21523366
2026-04-12 20:08:40,541 - aqt.main - INFO - installer 134837686191040 Finished installation
2026-04-12 20:08:40,541 - aqt.main - INFO - installer 134837686191040 Time elapsed: 58.31023268 second
